Exporter version: 2.80.1, Blender version: 2.92.0
========= Conversion from Blender to Babylon.js =========
	Scene settings used :
		Inline textures     :  false
		Material Type       :  PBR
		Positions Precision :  4
		Normals Precision   :  3
		UVs Precision       :  3
		Vert Color Precision:  3
		Mat Weight Precision:  2
		Keep Z-up r-handed  :  no
		Texture directory   :  D:\coursMaster\coursMaster1S2\jeuMultiJoueur\Projet-Babylon\assets\meshes\mob\
	Python World class constructor completed
	WARNING: No active camera has been assigned, or is not in a currently selected Blender layer
	processing begun of skeleton:  Armature, id:  0
		processing begun of bone:  Hips, index:  0
		processing begun of bone:  Spine, index:  1
		processing begun of bone:  Spine1, index:  2
		processing begun of bone:  Spine2, index:  3
		processing begun of bone:  Neck, index:  4
		processing begun of bone:  Head, index:  5
		processing begun of bone:  HeadTop_End, index:  6
		processing begun of bone:  LeftShoulder, index:  7
		processing begun of bone:  LeftArm, index:  8
		processing begun of bone:  LeftForeArm, index:  9
		processing begun of bone:  LeftHand, index:  10
		processing begun of bone:  LeftHandIndex1, index:  11
		processing begun of bone:  LeftHandIndex2, index:  12
		processing begun of bone:  LeftHandIndex3, index:  13
		processing begun of bone:  LeftHandIndex4, index:  14
		processing begun of bone:  LeftHandThumb1, index:  15
		processing begun of bone:  LeftHandThumb2, index:  16
		processing begun of bone:  LeftHandThumb3, index:  17
		processing begun of bone:  LeftHandThumb4, index:  18
		processing begun of bone:  RightShoulder, index:  19
		processing begun of bone:  RightArm, index:  20
		processing begun of bone:  RightForeArm, index:  21
		processing begun of bone:  RightHand, index:  22
		processing begun of bone:  RightHandIndex1, index:  23
		processing begun of bone:  RightHandIndex2, index:  24
		processing begun of bone:  RightHandIndex3, index:  25
		processing begun of bone:  RightHandIndex4, index:  26
		processing begun of bone:  RightHandThumb1, index:  27
		processing begun of bone:  RightHandThumb2, index:  28
		processing begun of bone:  RightHandThumb3, index:  29
		processing begun of bone:  RightHandThumb4, index:  30
		processing begun of bone:  LeftUpLeg, index:  31
		processing begun of bone:  LeftLeg, index:  32
		processing begun of bone:  LeftFoot, index:  33
		processing begun of bone:  LeftToeBase, index:  34
		processing begun of bone:  LeftToe_End, index:  35
		processing begun of bone:  RightUpLeg, index:  36
		processing begun of bone:  RightLeg, index:  37
		processing begun of bone:  RightFoot, index:  38
		processing begun of bone:  RightToeBase, index:  39
		processing begun of bone:  RightToe_End, index:  40
		processing action death:  in[1 - 363], out[0 - 363]
		processing action fight:  in[1 - 178], out[370 - 548]
		processing action Tpose:  in[1 - 2], out[560 - 562]
		processing action walk:  in[1 - 73], out[570 - 643]
	processing begun of mesh:  Guard02
		processing begun of material:  Guard_02
			processing texture Guard_02__normal
				texture type:  bumpTexture, mapped using: "map1"
			processing texture Guard_02__diffuse
				texture type:  diffuseTexture, mapped using: "map1"
			processing texture Guard_02__specular
				texture type:  specularTexture, mapped using: "map1"
		Custom split normals with tangents being used
		num positions      :  3436
		num normals        :  3436
		num tangents       :  13744
		num uvs            :  6872
		num uvs2           :  6872
		num colors         :  0
		num triangles      :  4531
		Skeleton stats:  
			Total Influencers:  5866
			Avg # of influencers per vertex:  1.7072
			Highest # of influencers observed:  5, num vertices with this:  39
			exported as 5 influencers
			num skeletonWeights and skeletonIndices:  27488
========= Writing of JSON file started =========
	writing mesh:  Guard02
========= Writing of JSON file completed =========
========= end of processing =========
elapsed time:  0 min, 11.0366 secs
